REPOANALYZER INTEGRATION TEST SUMMARY
==================================================
Date: 2025-02-28 17:56:00
Overall Status: FAILURE

Test Summary:
  Total Tests: 1
  Passed: 0
  Failed: 0
  Skipped: 0
  Total Time: 0.90s

Module Results:
--------------------------------------------------
Module: INDEXER
  Status: FAILURE
  Tests: 1
  Passed: 0
  Failed: 0
  Skipped: 0
  Runtime: 0.90s
  Test Files:
    [âœ—] ./test_integration_indexer.py (0.90s)
--------------------------------------------------
Module: PARSER
  Status: SUCCESS
  Tests: 0
  Passed: 0
  Failed: 0
  Skipped: 0
  Runtime: 0.00s
  Test Files:
--------------------------------------------------
Module: DB
  Status: SUCCESS
  Tests: 0
  Passed: 0
  Failed: 0
  Skipped: 0
  Runtime: 0.00s
  Test Files:
--------------------------------------------------
Module: AI
  Status: SUCCESS
  Tests: 0
  Passed: 0
  Failed: 0
  Skipped: 0
  Runtime: 0.00s
  Test Files:
--------------------------------------------------
Module: UTILS
  Status: SUCCESS
  Tests: 0
  Passed: 0
  Failed: 0
  Skipped: 0
  Runtime: 0.00s
  Test Files:
--------------------------------------------------
Module: SEMANTIC
  Status: SUCCESS
  Tests: 0
  Passed: 0
  Failed: 0
  Skipped: 0
  Runtime: 0.00s
  Test Files:
--------------------------------------------------
